<?xml version="1.0" encoding="UTF-8" ?>
<testsuite tests="2" failures="0" name="com.example.TestGreeter" time="0.108" errors="0" skipped="0">
  <properties>
    <property name="java.vendor" value="Oracle Corporation"/>
    <property name="JOB_NAME" value="Maven_Hello_World"/>
    <property name="PWD" value="/"/>
    <property name="RUN_TESTS_DISPLAY_URL" value="http://ec2-13-235-27-238.ap-south-1.compute.amazonaws.com:8080/job/Maven_Hello_World/8/display/redirect?page=tests"/>
    <property name="sun.java.launcher" value="SUN_STANDARD"/>
    <property name="sun.management.compiler" value="HotSpot 64-Bit Tiered Compilers"/>
    <property name="JENKINS_HOME" value="/var/lib/jenkins"/>
    <property name="PATH" value="/sbin:/usr/sbin:/bin:/usr/bin"/>
    <property name="HUDSON_SERVER_COOKIE" value="79860c20e16808ab"/>
    <property name="POM_ARTIFACTID" value="maven-project"/>
    <property name="os.name" value="Linux"/>
    <property name="sun.boot.class.path" value="/usr/lib/jvm/java-1.8.0-openjdk-1.8.0.265.b01-1.amzn2.0.1.x86_64/jre/lib/resources.jar:/usr/lib/jvm/java-1.8.0-openjdk-1.8.0.265.b01-1.amzn2.0.1.x86_64/jre/lib/rt.jar:/usr/lib/jvm/java-1.8.0-openjdk-1.8.0.265.b01-1.amzn2.0.1.x86_64/jre/lib/sunrsasign.jar:/usr/lib/jvm/java-1.8.0-openjdk-1.8.0.265.b01-1.amzn2.0.1.x86_64/jre/lib/jsse.jar:/usr/lib/jvm/java-1.8.0-openjdk-1.8.0.265.b01-1.amzn2.0.1.x86_64/jre/lib/jce.jar:/usr/lib/jvm/java-1.8.0-openjdk-1.8.0.265.b01-1.amzn2.0.1.x86_64/jre/lib/charsets.jar:/usr/lib/jvm/java-1.8.0-openjdk-1.8.0.265.b01-1.amzn2.0.1.x86_64/jre/lib/jfr.jar:/usr/lib/jvm/java-1.8.0-openjdk-1.8.0.265.b01-1.amzn2.0.1.x86_64/jre/classes"/>
    <property name="EXECUTOR_NUMBER" value="1"/>
    <property name="java.vm.specification.vendor" value="Oracle Corporation"/>
    <property name="POM_DISPLAYNAME" value="Maven Project"/>
    <property name="NODE_LABELS" value="master"/>
    <property name="java.runtime.version" value="1.8.0_265-b01"/>
    <property name="GIT_COMMITTER_EMAIL" value="vijaypuram007@gmail.com"/>
    <property name="user.name" value="jenkins"/>
    <property name="guice.disable.misplaced.annotation.check" value="true"/>
    <property name="user.language" value="en"/>
    <property name="JOB_BASE_NAME" value="Maven_Hello_World"/>
    <property name="RUN_CHANGES_DISPLAY_URL" value="http://ec2-13-235-27-238.ap-south-1.compute.amazonaws.com:8080/job/Maven_Hello_World/8/display/redirect?page=changes"/>
    <property name="BUILD_DISPLAY_NAME" value="#8"/>
    <property name="sun.boot.library.path" value="/usr/lib/jvm/java-1.8.0-openjdk-1.8.0.265.b01-1.amzn2.0.1.x86_64/jre/lib/amd64"/>
    <property name="GIT_PREVIOUS_SUCCESSFUL_COMMIT" value="827bc451c5ce234698777f30c1610e049b7047c9"/>
    <property name="java.version" value="1.8.0_265"/>
    <property name="user.timezone" value="UTC"/>
    <property name="GIT_AUTHOR_NAME" value="vijaypuram007"/>
    <property name="sun.arch.data.model" value="64"/>
    <property name="NODE_NAME" value="master"/>
    <property name="java.endorsed.dirs" value="/usr/lib/jvm/java-1.8.0-openjdk-1.8.0.265.b01-1.amzn2.0.1.x86_64/jre/lib/endorsed"/>
    <property name="BUILD_ID" value="8"/>
    <property name="sun.cpu.isalist" value=""/>
    <property name="sun.jnu.encoding" value="UTF-8"/>
    <property name="file.encoding.pkg" value="sun.io"/>
    <property name="SHELL" value="/bin/bash"/>
    <property name="file.separator" value="/"/>
    <property name="java.specification.name" value="Java Platform API Specification"/>
    <property name="maven.conf" value="/opt/maven/conf"/>
    <property name="java.class.version" value="52.0"/>
    <property name="org.slf4j.simpleLogger.defaultLogLevel" value="info"/>
    <property name="user.country" value="US"/>
    <property name="securerandom.source" value="file:/dev/./urandom"/>
    <property name="java.home" value="/usr/lib/jvm/java-1.8.0-openjdk-1.8.0.265.b01-1.amzn2.0.1.x86_64/jre"/>
    <property name="java.vm.info" value="mixed mode"/>
    <property name="os.version" value="4.14.193-149.317.amzn2.x86_64"/>
    <property name="RUN_DISPLAY_URL" value="http://ec2-13-235-27-238.ap-south-1.compute.amazonaws.com:8080/job/Maven_Hello_World/8/display/redirect"/>
    <property name="POM_VERSION" value="1.0-SNAPSHOT"/>
    <property name="sun.font.fontmanager" value="sun.awt.X11FontManager"/>
    <property name="RUN_ARTIFACTS_DISPLAY_URL" value="http://ec2-13-235-27-238.ap-south-1.compute.amazonaws.com:8080/job/Maven_Hello_World/8/display/redirect?page=artifacts"/>
    <property name="path.separator" value=":"/>
    <property name="javax.accessibility.assistive_technologies" value="org.GNOME.Accessibility.AtkWrapper"/>
    <property name="java.vm.version" value="25.265-b01"/>
    <property name="GIT_PREVIOUS_COMMIT" value="827bc451c5ce234698777f30c1610e049b7047c9"/>
    <property name="JOB_DISPLAY_URL" value="http://ec2-13-235-27-238.ap-south-1.compute.amazonaws.com:8080/job/Maven_Hello_World/display/redirect"/>
    <property name="SHLVL" value="2"/>
    <property name="_" value="/etc/alternatives/java"/>
    <property name="java.awt.printerjob" value="sun.print.PSPrinterJob"/>
    <property name="sun.io.unicode.encoding" value="UnicodeLittle"/>
    <property name="awt.toolkit" value="sun.awt.X11.XToolkit"/>
    <property name="LOGNAME" value="jenkins"/>
    <property name="POM_PACKAGING" value="pom"/>
    <property name="HOME" value="/var/lib/jenkins"/>
    <property name="POM_GROUPID" value="com.example.maven-project"/>
    <property name="user.home" value="/var/lib/jenkins"/>
    <property name="GIT_COMMITTER_NAME" value="vijaypuram007"/>
    <property name="BUILD_TAG" value="jenkins-Maven_Hello_World-8"/>
    <property name="JENKINS_SERVER_COOKIE" value="79860c20e16808ab"/>
    <property name="HUDSON_URL" value="http://ec2-13-235-27-238.ap-south-1.compute.amazonaws.com:8080/"/>
    <property name="java.specification.vendor" value="Oracle Corporation"/>
    <property name="CLASSPATH" value=""/>
    <property name="java.vendor.url" value="http://java.oracle.com/"/>
    <property name="java.library.path" value="/usr/java/packages/lib/amd64:/usr/lib64:/lib64:/lib:/usr/lib"/>
    <property name="java.vm.vendor" value="Oracle Corporation"/>
    <property name="java.runtime.name" value="OpenJDK Runtime Environment"/>
    <property name="maven.home" value="/opt/maven"/>
    <property name="java.class.path" value="/var/lib/jenkins/plugins/maven-plugin/WEB-INF/lib/maven35-agent-1.13.jar:/opt/maven/boot/plexus-classworlds-2.6.0.jar:/opt/maven/conf/logging"/>
    <property name="sun.java.command" value="jenkins.maven3.agent.Maven35Main /opt/maven /var/cache/jenkins/war/WEB-INF/lib/remoting-4.5.jar /var/lib/jenkins/plugins/maven-plugin/WEB-INF/lib/maven35-interceptor-1.13.jar /var/lib/jenkins/plugins/maven-plugin/WEB-INF/lib/maven3-interceptor-commons-1.13.jar 33053"/>
    <property name="java.vm.specification.name" value="Java Virtual Machine Specification"/>
    <property name="java.vm.specification.version" value="1.8"/>
    <property name="sun.os.patch.level" value="unknown"/>
    <property name="sun.cpu.endian" value="little"/>
    <property name="M2_HOME" value="/opt/maven"/>
    <property name="java.io.tmpdir" value="/tmp"/>
    <property name="HUDSON_HOME" value="/var/lib/jenkins"/>
    <property name="PATH+MAVEN" value="/opt/maven/bin"/>
    <property name="BUILD_URL" value="http://ec2-13-235-27-238.ap-south-1.compute.amazonaws.com:8080/job/Maven_Hello_World/8/"/>
    <property name="java.vendor.url.bug" value="http://bugreport.sun.com/bugreport/"/>
    <property name="java.awt.graphicsenv" value="sun.awt.X11GraphicsEnvironment"/>
    <property name="os.arch" value="amd64"/>
    <property name="java.ext.dirs" value="/usr/lib/jvm/java-1.8.0-openjdk-1.8.0.265.b01-1.amzn2.0.1.x86_64/jre/lib/ext:/usr/java/packages/lib/ext"/>
    <property name="user.dir" value="/var/lib/jenkins/workspace/Maven_Hello_World"/>
    <property name="JOB_URL" value="http://ec2-13-235-27-238.ap-south-1.compute.amazonaws.com:8080/job/Maven_Hello_World/"/>
    <property name="line.separator" value="
"/>
    <property name="MAVEN_HOME" value="/opt/maven"/>
    <property name="java.vm.name" value="OpenJDK 64-Bit Server VM"/>
    <property name="BUILD_NUMBER" value="8"/>
    <property name="JENKINS_URL" value="http://ec2-13-235-27-238.ap-south-1.compute.amazonaws.com:8080/"/>
    <property name="GIT_BRANCH" value="origin/master"/>
    <property name="GIT_COMMIT" value="1944771405f7372d3404e6840ca439e7e839455b"/>
    <property name="file.encoding" value="UTF-8"/>
    <property name="LANG" value="en_US.UTF-8"/>
    <property name="maven3.interceptor" value="/var/lib/jenkins/plugins/maven-plugin/WEB-INF/lib/maven35-interceptor-1.13.jar"/>
    <property name="WORKSPACE_TMP" value="/var/lib/jenkins/workspace/Maven_Hello_World@tmp"/>
    <property name="WORKSPACE" value="/var/lib/jenkins/workspace/Maven_Hello_World"/>
    <property name="maven3.interceptor.common" value="/var/lib/jenkins/plugins/maven-plugin/WEB-INF/lib/maven3-interceptor-commons-1.13.jar"/>
    <property name="GIT_AUTHOR_EMAIL" value="vijaypuram007@gmail.com"/>
    <property name="java.specification.version" value="1.8"/>
    <property name="USER" value="jenkins"/>
    <property name="GIT_URL" value="https://github.com/vijaypuram007/Hello-World.git"/>
  </properties>
  <testcase classname="com.example.TestGreeter" name="greetShouldIncludeTheOneBeingGreeted" time="0.008"/>
  <testcase classname="com.example.TestGreeter" name="greetShouldIncludeGreetingPhrase" time="0.016"/>
</testsuite>